\BOOKMARK [0][-]{Item.5}{Preface}{}% 1
\BOOKMARK [0][-]{chapter.1}{Introduction}{}% 2
\BOOKMARK [1][-]{section.1.1}{Locative\040Spatial\040Language}{chapter.1}% 3
\BOOKMARK [1][-]{section.1.2}{A\040Theory\040of\040Language\040Evolution}{chapter.1}% 4
\BOOKMARK [2][-]{subsection.1.2.1}{Language\040Systems\040and\040Language\040Strategies}{section.1.2}% 5
\BOOKMARK [2][-]{subsection.1.2.2}{Selectionist\040Theory\040of\040Language\040Evolution}{section.1.2}% 6
\BOOKMARK [2][-]{subsection.1.2.3}{Evolutionary\040Explanations}{section.1.2}% 7
\BOOKMARK [1][-]{section.1.3}{Main\040Hypothesis}{chapter.1}% 8
\BOOKMARK [1][-]{section.1.4}{Contributions}{chapter.1}% 9
\BOOKMARK [2][-]{subsection.1.4.1}{Evolutionary\040Stages}{section.1.4}% 10
\BOOKMARK [2][-]{subsection.1.4.2}{Co-evolution\040of\040Syntactic\040and\040Semantic\040Complexity}{section.1.4}% 11
\BOOKMARK [1][-]{section.1.5}{Structure\040of\040the\040Book}{chapter.1}% 12
\BOOKMARK [2][-]{subsection.1.5.1}{Part\040I:\040Spatial\040Language\040Games\040and\040Technical\040Background}{section.1.5}% 13
\BOOKMARK [2][-]{subsection.1.5.2}{Part\040II:\040Reconstructing\040German\040Locative\040Phrases}{section.1.5}% 14
\BOOKMARK [2][-]{subsection.1.5.3}{Part\040III:\040Spatial\040Language\040Evolution}{section.1.5}% 15
\BOOKMARK [-1][]{part.1}{Spatial\040Language\040Games\040and\040Technical\040Background}{}% 16
\BOOKMARK [0][-]{chapter.2}{Grounded\040Spatial\040Language\040Games}{part.1}% 17
\BOOKMARK [1][-]{section.2.1}{Perception}{chapter.2}% 18
\BOOKMARK [1][-]{section.2.2}{Social\040Mechanisms}{chapter.2}% 19
\BOOKMARK [0][-]{chapter.3}{Embodied\040Cognitive\040Semantics\040with\040IRL}{part.1}% 20
\BOOKMARK [1][-]{section.3.1}{Procedural\040Semantics}{chapter.3}% 21
\BOOKMARK [1][-]{section.3.2}{Evaluation}{chapter.3}% 22
\BOOKMARK [1][-]{section.3.3}{Conceptualization\040and\040Interpretation}{chapter.3}% 23
\BOOKMARK [1][-]{section.3.4}{Chunking}{chapter.3}% 24
\BOOKMARK [1][-]{section.3.5}{Grounding}{chapter.3}% 25
\BOOKMARK [1][-]{section.3.6}{Discussion}{chapter.3}% 26
\BOOKMARK [0][-]{chapter.4}{Construction\040Grammar\040with\040FCG}{part.1}% 27
\BOOKMARK [1][-]{section.4.1}{Linguistic\040Processing}{chapter.4}% 28
\BOOKMARK [1][-]{section.4.2}{Open-ended\040Language\040Evolution\040with\040FCG}{chapter.4}% 29
\BOOKMARK [1][-]{section.4.3}{Discussion}{chapter.4}% 30
\BOOKMARK [-1][]{part.2}{Reconstructing\040German\040Locative\040Phrases}{}% 31
\BOOKMARK [0][-]{chapter.5}{German Locative Phrases – An Introduction}{part.2}% 32
\BOOKMARK [0][-]{chapter.6}{Spatial\040Semantics}{part.2}% 33
\BOOKMARK [1][-]{section.6.1}{Representing\040Spatial\040Relations}{chapter.6}% 34
\BOOKMARK [1][-]{section.6.2}{Applying\040Spatial\040Relations}{chapter.6}% 35
\BOOKMARK [1][-]{section.6.3}{Frames\040of\040Reference}{chapter.6}% 36
\BOOKMARK [1][-]{section.6.4}{Internal\040and\040External\040Regions}{chapter.6}% 37
\BOOKMARK [1][-]{section.6.5}{Group-based\040Reference}{chapter.6}% 38
\BOOKMARK [1][-]{section.6.6}{Perspective\040Marking}{chapter.6}% 39
\BOOKMARK [1][-]{section.6.7}{Discussion}{chapter.6}% 40
\BOOKMARK [0][-]{chapter.7}{Syntactic\040Processing}{part.2}% 41
\BOOKMARK [1][-]{section.7.1}{Overview\040of\040Syntactic\040Processing}{chapter.7}% 42
\BOOKMARK [1][-]{section.7.2}{Lexical Classes – Lexical and Functional Constructions}{chapter.7}% 43
\BOOKMARK [1][-]{section.7.3}{Landmarks and Complements – Adverbial and Prepositional Constructions}{chapter.7}% 44
\BOOKMARK [1][-]{section.7.4}{Linking Everything Together – High-level Phrasal Constructions}{chapter.7}% 45
\BOOKMARK [1][-]{section.7.5}{Handling\040Case}{chapter.7}% 46
\BOOKMARK [1][-]{section.7.6}{Summary}{chapter.7}% 47
\BOOKMARK [0][-]{chapter.8}{Semantic\040Processing}{part.2}% 48
\BOOKMARK [1][-]{section.8.1}{Factors\040Influencing\040Semantic\040Processing}{chapter.8}% 49
\BOOKMARK [1][-]{section.8.2}{Implementing\040Spatial\040Conceptualization}{chapter.8}% 50
\BOOKMARK [1][-]{section.8.3}{Categorization\040and\040Discrimination}{chapter.8}% 51
\BOOKMARK [1][-]{section.8.4}{Summary}{chapter.8}% 52
\BOOKMARK [0][-]{chapter.9}{A\040Whole\040Systems\040Approach\040to\040Processing}{part.2}% 53
\BOOKMARK [1][-]{section.9.1}{Integrating\040IRL\040and\040FCG}{chapter.9}% 54
\BOOKMARK [1][-]{section.9.2}{Handling\040Semantic\040Ambiguity}{chapter.9}% 55
\BOOKMARK [2][-]{subsection.9.2.1}{Syntactic\040Processing}{section.9.2}% 56
\BOOKMARK [2][-]{subsection.9.2.2}{Semantic\040Processing}{section.9.2}% 57
\BOOKMARK [1][-]{section.9.3}{Discussion\040and\040Results}{chapter.9}% 58
\BOOKMARK [-1][]{part.3}{Spatial\040Language\040Evolution}{}% 59
\BOOKMARK [0][-]{chapter.10}{Evolution\040of\040Basic\040Spatial\040Category\040Systems}{part.3}% 60
\BOOKMARK [1][-]{section.10.1}{Acquisition\040of\040Lexical\040Systems}{chapter.10}% 61
\BOOKMARK [2][-]{subsection.10.1.1}{Learning\040Operators}{section.10.1}% 62
\BOOKMARK [2][-]{subsection.10.1.2}{Experimental\040Setup\040and\040Measures}{section.10.1}% 63
\BOOKMARK [2][-]{subsection.10.1.3}{Results}{section.10.1}% 64
\BOOKMARK [2][-]{subsection.10.1.4}{Implementation\040Details}{section.10.1}% 65
\BOOKMARK [1][-]{section.10.2}{Lexicon\040Formation}{chapter.10}% 66
\BOOKMARK [2][-]{subsection.10.2.1}{Experimental\040Setup}{section.10.2}% 67
\BOOKMARK [2][-]{subsection.10.2.2}{Results}{section.10.2}% 68
\BOOKMARK [2][-]{subsection.10.2.3}{Interaction\040of\040Strategies}{section.10.2}% 69
\BOOKMARK [2][-]{subsection.10.2.4}{Hybrid\040Systems}{section.10.2}% 70
\BOOKMARK [1][-]{section.10.3}{Summary}{chapter.10}% 71
\BOOKMARK [0][-]{chapter.11}{Evolution\040of\040Spatial\040Conceptualization\040Strategies}{part.3}% 72
\BOOKMARK [1][-]{section.11.1}{Alignment\040for\040Landmark\040Strategies}{chapter.11}% 73
\BOOKMARK [2][-]{subsection.11.1.1}{Experimental\040Setup\040and\040Measures}{section.11.1}% 74
\BOOKMARK [2][-]{subsection.11.1.2}{Results}{section.11.1}% 75
\BOOKMARK [1][-]{section.11.2}{Alignment\040for\040Frame\040of\040Reference\040Strategies}{chapter.11}% 76
\BOOKMARK [2][-]{subsection.11.2.1}{Experimental\040Setup}{section.11.2}% 77
\BOOKMARK [2][-]{subsection.11.2.2}{Results}{section.11.2}% 78
\BOOKMARK [1][-]{section.11.3}{Invention\040of\040Conceptualization\040Strategies}{chapter.11}% 79
\BOOKMARK [1][-]{section.11.4}{Discussion}{chapter.11}% 80
\BOOKMARK [0][-]{chapter.12}{Multi-word\040Lexical\040Systems\040for\040Expressing\040Landmarks}{part.3}% 81
\BOOKMARK [1][-]{section.12.1}{Invention\040and\040Alignment\040Operators}{chapter.12}% 82
\BOOKMARK [1][-]{section.12.2}{Experimental\040Setup\040and\040Results}{chapter.12}% 83
\BOOKMARK [1][-]{section.12.3}{Discussion}{chapter.12}% 84
\BOOKMARK [0][-]{chapter.13}{Function\040and\040Evolution\040of\040Locative\040Spatial\040Grammar}{part.3}% 85
\BOOKMARK [1][-]{section.13.1}{The\040Importance\040of\040Grammar}{chapter.13}% 86
\BOOKMARK [2][-]{subsection.13.1.1}{Experimental\040Results}{section.13.1}% 87
\BOOKMARK [2][-]{subsection.13.1.2}{Factors\040Influencing\040the\040Importance\040of\040Grammar}{section.13.1}% 88
\BOOKMARK [1][-]{section.13.2}{Emergence\040of\040Grammatical\040Markers}{chapter.13}% 89
\BOOKMARK [2][-]{subsection.13.2.1}{Invention\040and\040Alignment\040Operators}{section.13.2}% 90
\BOOKMARK [2][-]{subsection.13.2.2}{Experimental\040Setup\040and\040Results}{section.13.2}% 91
\BOOKMARK [1][-]{section.13.3}{Discussion}{chapter.13}% 92
\BOOKMARK [-1][]{part.4}{Conclusion}{}% 93
\BOOKMARK [0][-]{chapter.14}{Conclusion\040and\040Future\040Work}{part.4}% 94
\BOOKMARK [1][-]{section.14.1}{Exaptation}{chapter.14}% 95
\BOOKMARK [1][-]{section.14.2}{Evolution\040of\040Semantic\040and\040Syntactic\040Categories}{chapter.14}% 96
\BOOKMARK [0][-]{chapter*.46}{Bibliography}{part.4}% 97
